0 info it worked if it ends with ok
1 verbose cli [ 'C:\\Program Files\\nodejs\\node.exe',
1 verbose cli   'C:\\Users\\Egor\\AppData\\Roaming\\npm\\node_modules\\npm\\bin\\npm-cli.js',
1 verbose cli   'publish' ]
2 info using npm@4.0.2
3 info using node@v4.6.0
4 verbose publish [ '.' ]
5 silly cache add args [ '.', null ]
6 verbose cache add spec .
7 silly cache add parsed spec Result {
7 silly cache add   raw: '.',
7 silly cache add   scope: null,
7 silly cache add   escapedName: null,
7 silly cache add   name: null,
7 silly cache add   rawSpec: '.',
7 silly cache add   spec: 'C:\\Users\\Egor\\Desktop\\EXPRESS\\git',
7 silly cache add   type: 'directory' }
8 verbose addLocalDirectory C:\Users\Egor\AppData\Roaming\npm-cache\scch\1.0.8\package.tgz not in flight; packing
9 verbose correctMkdir C:\Users\Egor\AppData\Roaming\npm-cache correctMkdir not in flight; initializing
10 info lifecycle scch@1.0.8~prepublish: scch@1.0.8
11 silly lifecycle scch@1.0.8~prepublish: no script for prepublish, continuing
12 info lifecycle scch@1.0.8~prepare: scch@1.0.8
13 silly lifecycle scch@1.0.8~prepare: no script for prepare, continuing
14 verbose tar pack [ 'C:\\Users\\Egor\\AppData\\Roaming\\npm-cache\\scch\\1.0.8\\package.tgz',
14 verbose tar pack   'C:\\Users\\Egor\\Desktop\\EXPRESS\\git' ]
15 verbose tarball C:\Users\Egor\AppData\Roaming\npm-cache\scch\1.0.8\package.tgz
16 verbose folder C:\Users\Egor\Desktop\EXPRESS\git
17 verbose addLocalTarball adding from inside cache C:\Users\Egor\AppData\Roaming\npm-cache\scch\1.0.8\package.tgz
18 verbose correctMkdir C:\Users\Egor\AppData\Roaming\npm-cache correctMkdir not in flight; initializing
19 silly cache afterAdd scch@1.0.8
20 verbose afterAdd C:\Users\Egor\AppData\Roaming\npm-cache\scch\1.0.8\package\package.json not in flight; writing
21 verbose correctMkdir C:\Users\Egor\AppData\Roaming\npm-cache correctMkdir not in flight; initializing
22 verbose afterAdd C:\Users\Egor\AppData\Roaming\npm-cache\scch\1.0.8\package\package.json written
23 silly publish { name: 'scch',
23 silly publish   version: '1.0.8',
23 silly publish   description: 'Simple console chat',
23 silly publish   main: 'lib/open-chat.js',
23 silly publish   bin:
23 silly publish    { scch: 'bin/scch.js',
23 silly publish      'scch-ip': 'bin/scch-ip.js',
23 silly publish      'scch-post': 'bin/scch-post.js' },
23 silly publish   scripts:
23 silly publish    { test: 'node lib/open-chat.js',
23 silly publish      start: 'node lib/open-chat.js' },
23 silly publish   repository: { type: 'git', url: 'git://github.com/malyutinegor/scch.git' },
23 silly publish   author: { name: 'egorgl' },
23 silly publish   license: 'ISC',
23 silly publish   dependencies:
23 silly publish    { 'query-string': '^4.3.2',
23 silly publish      'my-ip': '^1.1.1',
23 silly publish      colors: '^1.1.2',
23 silly publish      request: '^2.80.0',
23 silly publish      randomstring: '^1.1.5',
23 silly publish      cpass: '^1.0.2' },
23 silly publish   keywords:
23 silly publish    [ 'chat',
23 silly publish      'simple chat',
23 silly publish      'console',
23 silly publish      'console chat',
23 silly publish      'simple console chat' ],
23 silly publish   readme: '# scch\n\nscch is simple console chat. For start chatting you need two computers with installed scch.\n\n## Installation\n\n```shell\nnpm i scch -g\n```\n\n## How to start chatting?\n\nJust enter in console this:\n\n```shell\nscch\n```\n\nThen, enter your nickname and IP\'s of another computer. Do it with another computer.\nYou can start chat.\n\n### Sorry for my English :D\n\n### GitHub repository: git://github.com/malyutinegor/scch.git\n\n### npm page: https://www.npmjs.com/package/scch\n\n### Creator\'s site: http://malyutinegor.github.io',
23 silly publish   readmeFilename: 'README.md',
23 silly publish   gitHead: 'd1660ac00325e4a76ff27411eb0b3e99072b5e18',
23 silly publish   bugs: { url: 'https://github.com/malyutinegor/scch/issues' },
23 silly publish   homepage: 'https://github.com/malyutinegor/scch#readme',
23 silly publish   _id: 'scch@1.0.8',
23 silly publish   _shasum: '3184b328efd4965621f29560ab7ff5ca4e5d6458',
23 silly publish   _from: '.' }
24 info lifecycle scch@1.0.8~prepublishOnly: scch@1.0.8
25 silly lifecycle scch@1.0.8~prepublishOnly: no script for prepublishOnly, continuing
26 verbose getPublishConfig undefined
27 silly mapToRegistry name scch
28 silly mapToRegistry using default registry
29 silly mapToRegistry registry https://registry.npmjs.org/
30 silly mapToRegistry data Result {
30 silly mapToRegistry   raw: 'scch',
30 silly mapToRegistry   scope: null,
30 silly mapToRegistry   escapedName: 'scch',
30 silly mapToRegistry   name: 'scch',
30 silly mapToRegistry   rawSpec: '',
30 silly mapToRegistry   spec: 'latest',
30 silly mapToRegistry   type: 'tag' }
31 silly mapToRegistry uri https://registry.npmjs.org/scch
32 verbose publish registryBase https://registry.npmjs.org/
33 silly publish uploading C:\Users\Egor\AppData\Roaming\npm-cache\scch\1.0.8\package.tgz
34 verbose request uri https://registry.npmjs.org/scch
35 verbose request sending authorization for write operation
36 info attempt registry request try #1 at 17:31:35
37 verbose request using bearer token for auth
38 verbose request id 0c8bd9c7b29ba3fe
39 http request PUT https://registry.npmjs.org/scch
40 http 403 https://registry.npmjs.org/scch
41 verbose headers { 'content-type': 'application/json',
41 verbose headers   'cache-control': 'max-age=300',
41 verbose headers   'content-length': '95',
41 verbose headers   'accept-ranges': 'bytes',
41 verbose headers   date: 'Fri, 10 Mar 2017 17:31:37 GMT',
41 verbose headers   via: '1.1 varnish',
41 verbose headers   connection: 'keep-alive',
41 verbose headers   'x-served-by': 'cache-bma7024-BMA',
41 verbose headers   'x-cache': 'MISS',
41 verbose headers   'x-cache-hits': '0',
41 verbose headers   'x-timer': 'S1489167096.536296,VS0,VE1281',
41 verbose headers   vary: 'Accept-Encoding' }
42 verbose request invalidating C:\Users\Egor\AppData\Roaming\npm-cache\registry.npmjs.org\scch on PUT
43 error publish Failed PUT 403
44 verbose stack Error: "You cannot publish over the previously published version 1.0.8." : scch
44 verbose stack     at makeError (C:\Users\Egor\AppData\Roaming\npm\node_modules\npm\node_modules\npm-registry-client\lib\request.js:302:12)
44 verbose stack     at CachingRegistryClient.<anonymous> (C:\Users\Egor\AppData\Roaming\npm\node_modules\npm\node_modules\npm-registry-client\lib\request.js:290:14)
44 verbose stack     at Request._callback (C:\Users\Egor\AppData\Roaming\npm\node_modules\npm\node_modules\npm-registry-client\lib\request.js:210:14)
44 verbose stack     at Request.self.callback (C:\Users\Egor\AppData\Roaming\npm\node_modules\npm\node_modules\request\request.js:186:22)
44 verbose stack     at emitTwo (events.js:87:13)
44 verbose stack     at Request.emit (events.js:172:7)
44 verbose stack     at Request.<anonymous> (C:\Users\Egor\AppData\Roaming\npm\node_modules\npm\node_modules\request\request.js:1081:10)
44 verbose stack     at emitOne (events.js:77:13)
44 verbose stack     at Request.emit (events.js:169:7)
44 verbose stack     at IncomingMessage.<anonymous> (C:\Users\Egor\AppData\Roaming\npm\node_modules\npm\node_modules\request\request.js:1001:12)
45 verbose statusCode 403
46 verbose pkgid scch
47 verbose cwd C:\Users\Egor\Desktop\EXPRESS\git
48 error Windows_NT 10.0.14393
49 error argv "C:\\Program Files\\nodejs\\node.exe" "C:\\Users\\Egor\\AppData\\Roaming\\npm\\node_modules\\npm\\bin\\npm-cli.js" "publish"
50 error node v4.6.0
51 error npm  v4.0.2
52 error code E403
53 error "You cannot publish over the previously published version 1.0.8." : scch
54 error If you need help, you may report this error at:
54 error     <https://github.com/npm/npm/issues>
55 verbose exit [ 1, true ]
